<?xml version="1.0" encoding="UTF-8"?>
<coverage generated="1703167146720" clover="3.2.0">
  <project timestamp="1703167146720" name="All files">
    <metrics statements="48" coveredstatements="48" conditionals="8" coveredconditionals="7" methods="8" coveredmethods="8" elements="64" coveredelements="63" complexity="0" loc="48" ncloc="48" packages="1" files="4" classes="4"/>
    <file name="task-add.js" path="E:\Science U - ESGI\CICDJS\timed-ToDo-app-Jest-testing-master\scripts\task-add.js">
      <metrics statements="20" coveredstatements="20" conditionals="2" coveredconditionals="2" methods="3" coveredmethods="3"/>
      <line num="1" count="3" type="stmt"/>
      <line num="2" count="3" type="stmt"/>
      <line num="3" count="3" type="stmt"/>
      <line num="4" count="3" type="stmt"/>
      <line num="6" count="3" type="stmt"/>
      <line num="7" count="7" type="cond" truecount="2" falsecount="0"/>
      <line num="8" count="6" type="stmt"/>
      <line num="9" count="6" type="stmt"/>
      <line num="11" count="6" type="stmt"/>
      <line num="12" count="6" type="stmt"/>
      <line num="13" count="2" type="stmt"/>
      <line num="16" count="6" type="stmt"/>
      <line num="17" count="6" type="stmt"/>
      <line num="18" count="4" type="stmt"/>
      <line num="21" count="6" type="stmt"/>
      <line num="22" count="6" type="stmt"/>
      <line num="23" count="6" type="stmt"/>
      <line num="24" count="6" type="stmt"/>
      <line num="26" count="6" type="stmt"/>
      <line num="27" count="6" type="stmt"/>
    </file>
    <file name="task-count.js" path="E:\Science U - ESGI\CICDJS\timed-ToDo-app-Jest-testing-master\scripts\task-count.js">
      <metrics statements="3" coveredstatements="3" conditionals="0" coveredconditionals="0" methods="1" coveredmethods="1"/>
      <line num="1" count="3" type="stmt"/>
      <line num="4" count="11" type="stmt"/>
      <line num="7" count="3" type="stmt"/>
    </file>
    <file name="task-done.js" path="E:\Science U - ESGI\CICDJS\timed-ToDo-app-Jest-testing-master\scripts\task-done.js">
      <metrics statements="8" coveredstatements="8" conditionals="0" coveredconditionals="0" methods="1" coveredmethods="1"/>
      <line num="1" count="3" type="stmt"/>
      <line num="2" count="3" type="stmt"/>
      <line num="5" count="5" type="stmt"/>
      <line num="6" count="5" type="stmt"/>
      <line num="7" count="5" type="stmt"/>
      <line num="8" count="5" type="stmt"/>
      <line num="9" count="5" type="stmt"/>
      <line num="12" count="3" type="stmt"/>
    </file>
    <file name="task-timer.js" path="E:\Science U - ESGI\CICDJS\timed-ToDo-app-Jest-testing-master\scripts\task-timer.js">
      <metrics statements="17" coveredstatements="17" conditionals="6" coveredconditionals="5" methods="3" coveredmethods="3"/>
      <line num="1" count="3" type="stmt"/>
      <line num="2" count="3" type="stmt"/>
      <line num="5" count="2" type="stmt"/>
      <line num="6" count="2" type="stmt"/>
      <line num="7" count="2" type="stmt"/>
      <line num="8" count="2" type="stmt"/>
      <line num="12" count="2" type="stmt"/>
      <line num="13" count="2" type="stmt"/>
      <line num="14" count="301" type="stmt"/>
      <line num="15" count="301" type="stmt"/>
      <line num="17" count="301" type="cond" truecount="1" falsecount="1"/>
      <line num="18" count="301" type="cond" truecount="2" falsecount="0"/>
      <line num="20" count="301" type="stmt"/>
      <line num="22" count="301" type="cond" truecount="2" falsecount="0"/>
      <line num="23" count="1" type="stmt"/>
      <line num="24" count="1" type="stmt"/>
      <line num="29" count="3" type="stmt"/>
    </file>
  </project>
</coverage>
