{"E:\\Science U - ESGI\\CICDJS\\timed-ToDo-app-Jest-testing-master\\scripts\\task-add.js": {"path":"E:\\Science U - ESGI\\CICDJS\\timed-ToDo-app-Jest-testing-master\\scripts\\task-add.js","statementMap":{"0":{"start":{"line":1,"column":10},"end":{"line":1,"column":27}},"1":{"start":{"line":2,"column":20},"end":{"line":2,"column":46}},"2":{"start":{"line":3,"column":17},"end":{"line":3,"column":42}},"3":{"start":{"line":4,"column":18},"end":{"line":4,"column":44}},"4":{"start":{"line":6,"column":0},"end":{"line":29,"column":2}},"5":{"start":{"line":7,"column":4},"end":{"line":28,"column":5}},"6":{"start":{"line":8,"column":22},"end":{"line":8,"column":31}},"7":{"start":{"line":9,"column":23},"end":{"line":9,"column":77}},"8":{"start":{"line":11,"column":23},"end":{"line":11,"column":67}},"9":{"start":{"line":12,"column":8},"end":{"line":14,"column":10}},"10":{"start":{"line":13,"column":12},"end":{"line":13,"column":30}},"11":{"start":{"line":16,"column":22},"end":{"line":16,"column":69}},"12":{"start":{"line":17,"column":8},"end":{"line":19,"column":10}},"13":{"start":{"line":18,"column":12},"end":{"line":18,"column":29}},"14":{"start":{"line":21,"column":8},"end":{"line":21,"column":31}},"15":{"start":{"line":22,"column":8},"end":{"line":22,"column":32}},"16":{"start":{"line":23,"column":8},"end":{"line":23,"column":32}},"17":{"start":{"line":24,"column":8},"end":{"line":24,"column":31}},"18":{"start":{"line":26,"column":8},"end":{"line":26,"column":29}},"19":{"start":{"line":27,"column":8},"end":{"line":27,"column":21}}},"fnMap":{"0":{"name":"(anonymous_0)","decl":{"start":{"line":6,"column":23},"end":{"line":6,"column":24}},"loc":{"start":{"line":6,"column":34},"end":{"line":29,"column":1}},"line":6},"1":{"name":"(anonymous_1)","decl":{"start":{"line":12,"column":23},"end":{"line":12,"column":24}},"loc":{"start":{"line":12,"column":38},"end":{"line":14,"column":9}},"line":12},"2":{"name":"(anonymous_2)","decl":{"start":{"line":17,"column":22},"end":{"line":17,"column":23}},"loc":{"start":{"line":17,"column":37},"end":{"line":19,"column":9}},"line":17}},"branchMap":{"0":{"loc":{"start":{"line":7,"column":4},"end":{"line":28,"column":5}},"type":"if","locations":[{"start":{"line":7,"column":4},"end":{"line":28,"column":5}},{"start":{},"end":{}}],"line":7}},"s":{"0":3,"1":3,"2":3,"3":3,"4":3,"5":7,"6":6,"7":6,"8":6,"9":6,"10":2,"11":6,"12":6,"13":4,"14":6,"15":6,"16":6,"17":6,"18":6,"19":6},"f":{"0":7,"1":2,"2":4},"b":{"0":[6,1]},"_coverageSchema":"1a1c01bbd47fc00a2c39e90264f33305004495a9","hash":"29ee068d0fb8325fb4a186adf1edeb6830668e04"}
,"E:\\Science U - ESGI\\CICDJS\\timed-ToDo-app-Jest-testing-master\\scripts\\task-count.js": {"path":"E:\\Science U - ESGI\\CICDJS\\timed-ToDo-app-Jest-testing-master\\scripts\\task-count.js","statementMap":{"0":{"start":{"line":1,"column":10},"end":{"line":1,"column":27}},"1":{"start":{"line":4,"column":4},"end":{"line":4,"column":42}},"2":{"start":{"line":7,"column":0},"end":{"line":7,"column":28}}},"fnMap":{"0":{"name":"updateCount","decl":{"start":{"line":3,"column":9},"end":{"line":3,"column":20}},"loc":{"start":{"line":3,"column":22},"end":{"line":5,"column":1}},"line":3}},"branchMap":{},"s":{"0":3,"1":11,"2":3},"f":{"0":11},"b":{},"_coverageSchema":"1a1c01bbd47fc00a2c39e90264f33305004495a9","hash":"1837ca9d907048cbe61625961c40c27e34c14fd1"}
,"E:\\Science U - ESGI\\CICDJS\\timed-ToDo-app-Jest-testing-master\\scripts\\task-done.js": {"path":"E:\\Science U - ESGI\\CICDJS\\timed-ToDo-app-Jest-testing-master\\scripts\\task-done.js","statementMap":{"0":{"start":{"line":1,"column":10},"end":{"line":1,"column":27}},"1":{"start":{"line":2,"column":20},"end":{"line":2,"column":46}},"2":{"start":{"line":5,"column":4},"end":{"line":5,"column":52}},"3":{"start":{"line":6,"column":4},"end":{"line":6,"column":46}},"4":{"start":{"line":7,"column":4},"end":{"line":7,"column":31}},"5":{"start":{"line":8,"column":4},"end":{"line":8,"column":31}},"6":{"start":{"line":9,"column":4},"end":{"line":9,"column":17}},"7":{"start":{"line":12,"column":0},"end":{"line":12,"column":25}}},"fnMap":{"0":{"name":"doneTask","decl":{"start":{"line":4,"column":9},"end":{"line":4,"column":17}},"loc":{"start":{"line":4,"column":23},"end":{"line":10,"column":1}},"line":4}},"branchMap":{},"s":{"0":3,"1":3,"2":5,"3":5,"4":5,"5":5,"6":5,"7":3},"f":{"0":5},"b":{},"_coverageSchema":"1a1c01bbd47fc00a2c39e90264f33305004495a9","hash":"a9da0fa32a301911e25d4021f1432be07a9eff3d"}
,"E:\\Science U - ESGI\\CICDJS\\timed-ToDo-app-Jest-testing-master\\scripts\\task-timer.js": {"path":"E:\\Science U - ESGI\\CICDJS\\timed-ToDo-app-Jest-testing-master\\scripts\\task-timer.js","statementMap":{"0":{"start":{"line":1,"column":10},"end":{"line":1,"column":27}},"1":{"start":{"line":2,"column":17},"end":{"line":2,"column":42}},"2":{"start":{"line":5,"column":4},"end":{"line":5,"column":31}},"3":{"start":{"line":6,"column":19},"end":{"line":6,"column":61}},"4":{"start":{"line":7,"column":4},"end":{"line":7,"column":25}},"5":{"start":{"line":8,"column":4},"end":{"line":8,"column":20}},"6":{"start":{"line":12,"column":16},"end":{"line":12,"column":20}},"7":{"start":{"line":13,"column":18},"end":{"line":26,"column":16}},"8":{"start":{"line":14,"column":12},"end":{"line":14,"column":46}},"9":{"start":{"line":15,"column":12},"end":{"line":15,"column":46}},"10":{"start":{"line":17,"column":12},"end":{"line":17,"column":60}},"11":{"start":{"line":18,"column":12},"end":{"line":18,"column":60}},"12":{"start":{"line":20,"column":12},"end":{"line":20,"column":61}},"13":{"start":{"line":22,"column":12},"end":{"line":25,"column":13}},"14":{"start":{"line":23,"column":16},"end":{"line":23,"column":38}},"15":{"start":{"line":24,"column":16},"end":{"line":24,"column":30}},"16":{"start":{"line":29,"column":0},"end":{"line":29,"column":26}}},"fnMap":{"0":{"name":"startTask","decl":{"start":{"line":4,"column":9},"end":{"line":4,"column":18}},"loc":{"start":{"line":4,"column":24},"end":{"line":9,"column":1}},"line":4},"1":{"name":"startTimer","decl":{"start":{"line":11,"column":9},"end":{"line":11,"column":19}},"loc":{"start":{"line":11,"column":25},"end":{"line":27,"column":1}},"line":11},"2":{"name":"(anonymous_2)","decl":{"start":{"line":13,"column":30},"end":{"line":13,"column":31}},"loc":{"start":{"line":13,"column":42},"end":{"line":26,"column":9}},"line":13}},"branchMap":{"0":{"loc":{"start":{"line":17,"column":22},"end":{"line":17,"column":60}},"type":"cond-expr","locations":[{"start":{"line":17,"column":37},"end":{"line":17,"column":50}},{"start":{"line":17,"column":53},"end":{"line":17,"column":60}}],"line":17},"1":{"loc":{"start":{"line":18,"column":22},"end":{"line":18,"column":60}},"type":"cond-expr","locations":[{"start":{"line":18,"column":37},"end":{"line":18,"column":50}},{"start":{"line":18,"column":53},"end":{"line":18,"column":60}}],"line":18},"2":{"loc":{"start":{"line":22,"column":12},"end":{"line":25,"column":13}},"type":"if","locations":[{"start":{"line":22,"column":12},"end":{"line":25,"column":13}},{"start":{},"end":{}}],"line":22}},"s":{"0":3,"1":3,"2":2,"3":2,"4":2,"5":2,"6":2,"7":2,"8":301,"9":301,"10":301,"11":301,"12":301,"13":301,"14":1,"15":1,"16":3},"f":{"0":2,"1":2,"2":301},"b":{"0":[301,0],"1":[51,250],"2":[1,300]},"_coverageSchema":"1a1c01bbd47fc00a2c39e90264f33305004495a9","hash":"cd0898581edfab09dcb4caf8cf11707d95558533"}
}
