TN:
SF:scripts\task-add.js
FN:6,(anonymous_0)
FN:12,(anonymous_1)
FN:17,(anonymous_2)
FNF:3
FNH:3
FNDA:7,(anonymous_0)
FNDA:2,(anonymous_1)
FNDA:4,(anonymous_2)
DA:1,3
DA:2,3
DA:3,3
DA:4,3
DA:6,3
DA:7,7
DA:8,6
DA:9,6
DA:11,6
DA:12,6
DA:13,2
DA:16,6
DA:17,6
DA:18,4
DA:21,6
DA:22,6
DA:23,6
DA:24,6
DA:26,6
DA:27,6
LF:20
LH:20
BRDA:7,0,0,6
BRDA:7,0,1,1
BRF:2
BRH:2
end_of_record
TN:
SF:scripts\task-count.js
FN:3,updateCount
FNF:1
FNH:1
FNDA:11,updateCount
DA:1,3
DA:4,11
DA:7,3
LF:3
LH:3
BRF:0
BRH:0
end_of_record
TN:
SF:scripts\task-done.js
FN:4,doneTask
FNF:1
FNH:1
FNDA:5,doneTask
DA:1,3
DA:2,3
DA:5,5
DA:6,5
DA:7,5
DA:8,5
DA:9,5
DA:12,3
LF:8
LH:8
BRF:0
BRH:0
end_of_record
TN:
SF:scripts\task-timer.js
FN:4,startTask
FN:11,startTimer
FN:13,(anonymous_2)
FNF:3
FNH:3
FNDA:2,startTask
FNDA:2,startTimer
FNDA:301,(anonymous_2)
DA:1,3
DA:2,3
DA:5,2
DA:6,2
DA:7,2
DA:8,2
DA:12,2
DA:13,2
DA:14,301
DA:15,301
DA:17,301
DA:18,301
DA:20,301
DA:22,301
DA:23,1
DA:24,1
DA:29,3
LF:17
LH:17
BRDA:17,0,0,301
BRDA:17,0,1,0
BRDA:18,1,0,51
BRDA:18,1,1,250
BRDA:22,2,0,1
BRDA:22,2,1,300
BRF:6
BRH:5
end_of_record
